<?xml version='1.0'?>
<ns2:test-suite xmlns:ns2='urn:model.allure.qatools.yandex.ru' start='1661545832088' stop='1661545834138'>
    <name>Login: Verify user get error for invalid credentials</name>
    <title>Login: Verify user get error for invalid credentials</title>
    <test-cases>
        <test-case start='1661545832089' status='passed' stop='1661545832091'>
            <name></name>
            <title></title>
            <labels>
                <label name='language' value='javascript'/>
                <label name='framework' value='wdio'/>
                <label name='thread' value='0-0'/>
            </labels>
            <parameters>
                <parameter kind='argument' name='browser' value='chrome-104.0.5112.101'/>
            </parameters>
            <steps/>
            <attachments/>
        </test-case>
        <test-case start='1661545832091' status='passed' stop='1661545833001'>
            <name>Given I am on facebook landing page</name>
            <title>Given I am on facebook landing page</title>
            <labels>
                <label name='language' value='javascript'/>
                <label name='framework' value='wdio'/>
                <label name='thread' value='0-0'/>
            </labels>
            <parameters>
                <parameter kind='argument' name='browser' value='chrome-104.0.5112.101'/>
            </parameters>
            <steps>
                <step start='1661545832093' status='passed' stop='1661545833000'>
                    <name>POST /session/:sessionId/url</name>
                    <title>POST /session/:sessionId/url</title>
                    <attachments>
                        <attachment title='Request' source='822dd6f9-e6c9-4e7c-bfa4-41f15938f0d3-attachment.json' type='application/json' size='40'/>
                    </attachments>
                    <steps/>
                </step>
            </steps>
            <attachments/>
        </test-case>
        <test-case start='1661545833001' status='passed' stop='1661545833155'>
            <name>When I enter "@#$%^^^" as username</name>
            <title>When I enter "@#$%^^^" as username</title>
            <labels>
                <label name='language' value='javascript'/>
                <label name='framework' value='wdio'/>
                <label name='thread' value='0-0'/>
            </labels>
            <parameters>
                <parameter kind='argument' name='browser' value='chrome-104.0.5112.101'/>
            </parameters>
            <steps>
                <step start='1661545833003' status='passed' stop='1661545833020'>
                    <name>POST /session/:sessionId/element</name>
                    <title>POST /session/:sessionId/element</title>
                    <attachments>
                        <attachment title='Request' source='bf22344b-e88c-48d3-8907-0e8bdc5da952-attachment.json' type='application/json' size='50'/>
                        <attachment title='Response' source='498496c1-9bb1-40f6-869c-5047f0ec519b-attachment.json' type='application/json' size='83'/>
                    </attachments>
                    <steps/>
                </step>
                <step start='1661545833027' status='passed' stop='1661545833063'>
                    <name>POST /session/:sessionId/element/fda2a935-a457-4c74-9607-a4207ee7379b/clear</name>
                    <title>POST /session/:sessionId/element/fda2a935-a457-4c74-9607-a4207ee7379b/clear</title>
                    <attachments/>
                    <steps/>
                </step>
                <step start='1661545833068' status='passed' stop='1661545833154'>
                    <name>POST /session/:sessionId/element/fda2a935-a457-4c74-9607-a4207ee7379b/value</name>
                    <title>POST /session/:sessionId/element/fda2a935-a457-4c74-9607-a4207ee7379b/value</title>
                    <attachments>
                        <attachment title='Request' source='a828c9a6-3fc3-48c4-ab1f-913671efdd1e-attachment.json' type='application/json' size='23'/>
                    </attachments>
                    <steps/>
                </step>
            </steps>
            <attachments/>
        </test-case>
        <test-case start='1661545833155' status='passed' stop='1661545833260'>
            <name>And I enter "invalidPwd" as password</name>
            <title>And I enter "invalidPwd" as password</title>
            <labels>
                <label name='language' value='javascript'/>
                <label name='framework' value='wdio'/>
                <label name='thread' value='0-0'/>
            </labels>
            <parameters>
                <parameter kind='argument' name='browser' value='chrome-104.0.5112.101'/>
            </parameters>
            <steps>
                <step start='1661545833156' status='passed' stop='1661545833168'>
                    <name>POST /session/:sessionId/element</name>
                    <title>POST /session/:sessionId/element</title>
                    <attachments>
                        <attachment title='Request' source='24076ee3-ab39-46b3-863c-95d0486eca40-attachment.json' type='application/json' size='49'/>
                        <attachment title='Response' source='c826b594-a279-44dc-ae9a-52fd75ab5bbd-attachment.json' type='application/json' size='83'/>
                    </attachments>
                    <steps/>
                </step>
                <step start='1661545833170' status='passed' stop='1661545833197'>
                    <name>POST /session/:sessionId/element/5492634c-7fb1-45c3-b03a-927ead54d6d4/clear</name>
                    <title>POST /session/:sessionId/element/5492634c-7fb1-45c3-b03a-927ead54d6d4/clear</title>
                    <attachments/>
                    <steps/>
                </step>
                <step start='1661545833197' status='passed' stop='1661545833259'>
                    <name>POST /session/:sessionId/element/5492634c-7fb1-45c3-b03a-927ead54d6d4/value</name>
                    <title>POST /session/:sessionId/element/5492634c-7fb1-45c3-b03a-927ead54d6d4/value</title>
                    <attachments>
                        <attachment title='Request' source='ac40923d-7267-443d-8336-95a41acd44ce-attachment.json' type='application/json' size='26'/>
                    </attachments>
                    <steps/>
                </step>
            </steps>
            <attachments/>
        </test-case>
        <test-case start='1661545833260' status='passed' stop='1661545834099'>
            <name>And I click login button</name>
            <title>And I click login button</title>
            <labels>
                <label name='language' value='javascript'/>
                <label name='framework' value='wdio'/>
                <label name='thread' value='0-0'/>
            </labels>
            <parameters>
                <parameter kind='argument' name='browser' value='chrome-104.0.5112.101'/>
            </parameters>
            <steps>
                <step start='1661545833262' status='passed' stop='1661545833273'>
                    <name>POST /session/:sessionId/element</name>
                    <title>POST /session/:sessionId/element</title>
                    <attachments>
                        <attachment title='Request' source='b745dc11-13b4-49de-9b21-69af3eedaecf-attachment.json' type='application/json' size='46'/>
                        <attachment title='Response' source='4f85328b-ff77-447a-93ec-70e5db26b683-attachment.json' type='application/json' size='83'/>
                    </attachments>
                    <steps/>
                </step>
                <step start='1661545833276' status='passed' stop='1661545834099'>
                    <name>POST /session/:sessionId/element/dcebe4ae-3645-4a07-9004-eabbde2a1c10/click</name>
                    <title>POST /session/:sessionId/element/dcebe4ae-3645-4a07-9004-eabbde2a1c10/click</title>
                    <attachments/>
                    <steps/>
                </step>
            </steps>
            <attachments/>
        </test-case>
        <test-case start='1661545834099' status='failed' stop='1661545834137'>
            <name>Then I verify error is displayed</name>
            <title>Then I verify error is displayed</title>
            <labels>
                <label name='language' value='javascript'/>
                <label name='framework' value='wdio'/>
                <label name='thread' value='0-0'/>
            </labels>
            <parameters>
                <parameter kind='argument' name='browser' value='chrome-104.0.5112.101'/>
            </parameters>
            <steps>
                <step start='1661545834100' status='passed' stop='1661545834118'>
                    <name>POST /session/:sessionId/element</name>
                    <title>POST /session/:sessionId/element</title>
                    <attachments>
                        <attachment title='Request' source='2a7e6bd1-d7fd-49c8-99e0-6ef19cecc123-attachment.json' type='application/json' size='104'/>
                        <attachment title='Response' source='f9f1946d-6cb5-49c9-aad3-1c3b620697cc-attachment.json' type='application/json' size='83'/>
                    </attachments>
                    <steps/>
                </step>
                <step start='1661545834120' status='passed' stop='1661545834132'>
                    <name>POST /session/:sessionId/execute/sync</name>
                    <title>POST /session/:sessionId/execute/sync</title>
                    <attachments>
                        <attachment title='Request' source='fe3c1a1a-4a75-439a-a384-f25fe85a8856-attachment.json' type='application/json' size='8337'/>
                        <attachment title='Response' source='023cd8d6-c146-4382-ad79-d668151d569f-attachment.json' type='application/json' size='4'/>
                    </attachments>
                    <steps/>
                </step>
            </steps>
            <attachments/>
            <failure>
                <message>AssertionError: expected undefined to be true</message>
                <stack-trace>AssertionError: expected undefined to be true
                    at World.&lt;anonymous> (/Users/honey/Documents/Development/git/Js-Summer-Cucumber-2022/step-definitions/Facebook/loginSD.js:37:60)
                    at processTicksAndRejections (node:internal/process/task_queues:96:5)</stack-trace>
            </failure>
        </test-case>
        <test-case start='1661545834137' status='passed' stop='1661545834137'>
            <name></name>
            <title></title>
            <labels>
                <label name='language' value='javascript'/>
                <label name='framework' value='wdio'/>
                <label name='thread' value='0-0'/>
            </labels>
            <parameters>
                <parameter kind='argument' name='browser' value='chrome-104.0.5112.101'/>
            </parameters>
            <steps/>
            <attachments/>
        </test-case>
    </test-cases>
</ns2:test-suite>