<?xml version='1.0'?>
<ns2:test-suite xmlns:ns2='urn:model.allure.qatools.yandex.ru' start='1661543956171' stop='1661543957608'>
    <name>Login: Verify ligin gets error on empty login form</name>
    <title>Login: Verify ligin gets error on empty login form</title>
    <test-cases>
        <test-case start='1661543956172' status='passed' stop='1661543956173'>
            <name></name>
            <title></title>
            <labels>
                <label name='language' value='javascript'/>
                <label name='framework' value='wdio'/>
                <label name='thread' value='0-0'/>
            </labels>
            <parameters>
                <parameter kind='argument' name='browser' value='chrome-104.0.5112.101'/>
            </parameters>
            <steps/>
            <attachments/>
        </test-case>
        <test-case start='1661543956173' status='passed' stop='1661543956956'>
            <name>Given I am on facebook landing page</name>
            <title>Given I am on facebook landing page</title>
            <labels>
                <label name='language' value='javascript'/>
                <label name='framework' value='wdio'/>
                <label name='thread' value='0-0'/>
            </labels>
            <parameters>
                <parameter kind='argument' name='browser' value='chrome-104.0.5112.101'/>
            </parameters>
            <steps>
                <step start='1661543956176' status='passed' stop='1661543956955'>
                    <name>POST /session/:sessionId/url</name>
                    <title>POST /session/:sessionId/url</title>
                    <attachments>
                        <attachment title='Request' source='35c4988f-335d-4326-a3f7-46053c06fade-attachment.json' type='application/json' size='40'/>
                    </attachments>
                    <steps/>
                </step>
            </steps>
            <attachments/>
        </test-case>
        <test-case start='1661543956956' status='passed' stop='1661543957571'>
            <name>When I click login button</name>
            <title>When I click login button</title>
            <labels>
                <label name='language' value='javascript'/>
                <label name='framework' value='wdio'/>
                <label name='thread' value='0-0'/>
            </labels>
            <parameters>
                <parameter kind='argument' name='browser' value='chrome-104.0.5112.101'/>
            </parameters>
            <steps>
                <step start='1661543956958' status='passed' stop='1661543956974'>
                    <name>POST /session/:sessionId/element</name>
                    <title>POST /session/:sessionId/element</title>
                    <attachments>
                        <attachment title='Request' source='c63acb92-5d17-4b00-956e-dc49d4c467ab-attachment.json' type='application/json' size='46'/>
                        <attachment title='Response' source='f977190f-8e8a-4324-a84e-994621fd0c07-attachment.json' type='application/json' size='83'/>
                    </attachments>
                    <steps/>
                </step>
                <step start='1661543956980' status='passed' stop='1661543957570'>
                    <name>POST /session/:sessionId/element/8f6a01fd-6c63-4b7c-9175-2a61ae415f91/click</name>
                    <title>POST /session/:sessionId/element/8f6a01fd-6c63-4b7c-9175-2a61ae415f91/click</title>
                    <attachments/>
                    <steps/>
                </step>
            </steps>
            <attachments/>
        </test-case>
        <test-case start='1661543957571' status='failed' stop='1661543957606'>
            <name>Then I verify error is displayed</name>
            <title>Then I verify error is displayed</title>
            <labels>
                <label name='language' value='javascript'/>
                <label name='framework' value='wdio'/>
                <label name='thread' value='0-0'/>
            </labels>
            <parameters>
                <parameter kind='argument' name='browser' value='chrome-104.0.5112.101'/>
            </parameters>
            <steps>
                <step start='1661543957572' status='passed' stop='1661543957589'>
                    <name>POST /session/:sessionId/element</name>
                    <title>POST /session/:sessionId/element</title>
                    <attachments>
                        <attachment title='Request' source='bec9fa43-b97f-424e-b61b-d98cae363831-attachment.json' type='application/json' size='91'/>
                        <attachment title='Response' source='59778782-d4d0-466f-9099-77794c213c88-attachment.json' type='application/json' size='83'/>
                    </attachments>
                    <steps/>
                </step>
                <step start='1661543957592' status='passed' stop='1661543957603'>
                    <name>POST /session/:sessionId/execute/sync</name>
                    <title>POST /session/:sessionId/execute/sync</title>
                    <attachments>
                        <attachment title='Request' source='c355cd98-660f-4572-8c76-5eb7403d59a0-attachment.json' type='application/json' size='8337'/>
                        <attachment title='Response' source='d7a472c0-5709-453e-aefe-c8f32684ab8e-attachment.json' type='application/json' size='4'/>
                    </attachments>
                    <steps/>
                </step>
            </steps>
            <attachments/>
            <failure>
                <message>AssertionError: Login error is NOT displayed: expected undefined to be false</message>
                <stack-trace>AssertionError: Login error is NOT displayed: expected undefined to be false
                    at World.&lt;anonymous> (/Users/honey/Documents/Development/git/Js-Summer-Cucumber-2022/step-definitions/Facebook/loginSD.js:37:88)
                    at processTicksAndRejections (node:internal/process/task_queues:96:5)</stack-trace>
            </failure>
        </test-case>
        <test-case start='1661543957607' status='passed' stop='1661543957607'>
            <name></name>
            <title></title>
            <labels>
                <label name='language' value='javascript'/>
                <label name='framework' value='wdio'/>
                <label name='thread' value='0-0'/>
            </labels>
            <parameters>
                <parameter kind='argument' name='browser' value='chrome-104.0.5112.101'/>
            </parameters>
            <steps/>
            <attachments/>
        </test-case>
    </test-cases>
</ns2:test-suite>