<?xml version='1.0'?>
<ns2:test-suite xmlns:ns2='urn:model.allure.qatools.yandex.ru' start='1661544643271' stop='1661544644817'>
    <name>Login: Verify user get error for invalid credentials</name>
    <title>Login: Verify user get error for invalid credentials</title>
    <test-cases>
        <test-case start='1661544643272' status='passed' stop='1661544643273'>
            <name></name>
            <title></title>
            <labels>
                <label name='language' value='javascript'/>
                <label name='framework' value='wdio'/>
                <label name='thread' value='0-0'/>
            </labels>
            <parameters>
                <parameter kind='argument' name='browser' value='chrome-104.0.5112.101'/>
            </parameters>
            <steps/>
            <attachments/>
        </test-case>
        <test-case start='1661544643273' status='passed' stop='1661544644074'>
            <name>Given I am on facebook landing page</name>
            <title>Given I am on facebook landing page</title>
            <labels>
                <label name='language' value='javascript'/>
                <label name='framework' value='wdio'/>
                <label name='thread' value='0-0'/>
            </labels>
            <parameters>
                <parameter kind='argument' name='browser' value='chrome-104.0.5112.101'/>
            </parameters>
            <steps>
                <step start='1661544643275' status='passed' stop='1661544644073'>
                    <name>POST /session/:sessionId/url</name>
                    <title>POST /session/:sessionId/url</title>
                    <attachments>
                        <attachment title='Request' source='a59cdafa-41c8-4d85-8850-8ee9573788ae-attachment.json' type='application/json' size='40'/>
                    </attachments>
                    <steps/>
                </step>
            </steps>
            <attachments/>
        </test-case>
        <test-case start='1661544644074' status='passed' stop='1661544644189'>
            <name>When I enter "@#$%^^^" as username</name>
            <title>When I enter "@#$%^^^" as username</title>
            <labels>
                <label name='language' value='javascript'/>
                <label name='framework' value='wdio'/>
                <label name='thread' value='0-0'/>
            </labels>
            <parameters>
                <parameter kind='argument' name='browser' value='chrome-104.0.5112.101'/>
            </parameters>
            <steps>
                <step start='1661544644076' status='passed' stop='1661544644089'>
                    <name>POST /session/:sessionId/element</name>
                    <title>POST /session/:sessionId/element</title>
                    <attachments>
                        <attachment title='Request' source='65bdbec4-976b-45ff-8826-8aa9635ca949-attachment.json' type='application/json' size='50'/>
                        <attachment title='Response' source='55619ee9-cd4b-4b13-9853-a65b8798cc6e-attachment.json' type='application/json' size='83'/>
                    </attachments>
                    <steps/>
                </step>
                <step start='1661544644093' status='passed' stop='1661544644120'>
                    <name>POST /session/:sessionId/element/7f4d3b48-bbcc-4eb7-887e-002b2a0eb006/clear</name>
                    <title>POST /session/:sessionId/element/7f4d3b48-bbcc-4eb7-887e-002b2a0eb006/clear</title>
                    <attachments/>
                    <steps/>
                </step>
                <step start='1661544644124' status='passed' stop='1661544644188'>
                    <name>POST /session/:sessionId/element/7f4d3b48-bbcc-4eb7-887e-002b2a0eb006/value</name>
                    <title>POST /session/:sessionId/element/7f4d3b48-bbcc-4eb7-887e-002b2a0eb006/value</title>
                    <attachments>
                        <attachment title='Request' source='7bd3f444-d0da-4e64-ad88-6874aab46ff8-attachment.json' type='application/json' size='23'/>
                    </attachments>
                    <steps/>
                </step>
            </steps>
            <attachments/>
        </test-case>
        <test-case start='1661544644189' status='passed' stop='1661544644285'>
            <name>And I enter "invalidPwd" as password</name>
            <title>And I enter "invalidPwd" as password</title>
            <labels>
                <label name='language' value='javascript'/>
                <label name='framework' value='wdio'/>
                <label name='thread' value='0-0'/>
            </labels>
            <parameters>
                <parameter kind='argument' name='browser' value='chrome-104.0.5112.101'/>
            </parameters>
            <steps>
                <step start='1661544644190' status='passed' stop='1661544644202'>
                    <name>POST /session/:sessionId/element</name>
                    <title>POST /session/:sessionId/element</title>
                    <attachments>
                        <attachment title='Request' source='6850b824-747e-45c3-bdf7-67899a5eca69-attachment.json' type='application/json' size='49'/>
                        <attachment title='Response' source='949f35c4-1096-4d32-95a8-0812064917ce-attachment.json' type='application/json' size='83'/>
                    </attachments>
                    <steps/>
                </step>
                <step start='1661544644204' status='passed' stop='1661544644230'>
                    <name>POST /session/:sessionId/element/cd8fee65-4ec0-4807-946a-8d565d75559b/clear</name>
                    <title>POST /session/:sessionId/element/cd8fee65-4ec0-4807-946a-8d565d75559b/clear</title>
                    <attachments/>
                    <steps/>
                </step>
                <step start='1661544644231' status='passed' stop='1661544644285'>
                    <name>POST /session/:sessionId/element/cd8fee65-4ec0-4807-946a-8d565d75559b/value</name>
                    <title>POST /session/:sessionId/element/cd8fee65-4ec0-4807-946a-8d565d75559b/value</title>
                    <attachments>
                        <attachment title='Request' source='4062592d-82eb-4911-be1b-f657a3d18f15-attachment.json' type='application/json' size='26'/>
                    </attachments>
                    <steps/>
                </step>
            </steps>
            <attachments/>
        </test-case>
        <test-case start='1661544644285' status='passed' stop='1661544644806'>
            <name>And I click login button</name>
            <title>And I click login button</title>
            <labels>
                <label name='language' value='javascript'/>
                <label name='framework' value='wdio'/>
                <label name='thread' value='0-0'/>
            </labels>
            <parameters>
                <parameter kind='argument' name='browser' value='chrome-104.0.5112.101'/>
            </parameters>
            <steps>
                <step start='1661544644286' status='passed' stop='1661544644297'>
                    <name>POST /session/:sessionId/element</name>
                    <title>POST /session/:sessionId/element</title>
                    <attachments>
                        <attachment title='Request' source='44446211-02d1-486b-aff1-395da3fec4cb-attachment.json' type='application/json' size='46'/>
                        <attachment title='Response' source='0f603509-2a83-400c-a82d-fdb96f521c74-attachment.json' type='application/json' size='83'/>
                    </attachments>
                    <steps/>
                </step>
                <step start='1661544644300' status='passed' stop='1661544644806'>
                    <name>POST /session/:sessionId/element/74b389fc-86d3-42f7-8af8-76fa5331381b/click</name>
                    <title>POST /session/:sessionId/element/74b389fc-86d3-42f7-8af8-76fa5331381b/click</title>
                    <attachments/>
                    <steps/>
                </step>
            </steps>
            <attachments/>
        </test-case>
        <test-case start='1661544644807' status='failed' stop='1661544644815'>
            <name>Then I verify error is displayed</name>
            <title>Then I verify error is displayed</title>
            <labels>
                <label name='language' value='javascript'/>
                <label name='framework' value='wdio'/>
                <label name='thread' value='0-0'/>
            </labels>
            <parameters>
                <parameter kind='argument' name='browser' value='chrome-104.0.5112.101'/>
            </parameters>
            <steps>
                <step start='1661544644810' status='failed' stop='1661544644814'>
                    <name>POST /session/:sessionId/element</name>
                    <title>POST /session/:sessionId/element</title>
                    <attachments>
                        <attachment title='Request' source='25450b3a-35b7-4bf1-aece-d2858017516f-attachment.json' type='application/json' size='91'/>
                    </attachments>
                    <steps/>
                </step>
            </steps>
            <attachments/>
            <failure>
                <message>AssertionError: expected Promise{…} to be true</message>
                <stack-trace>AssertionError: expected Promise{…} to be true
                    at World.&lt;anonymous> (/Users/honey/Documents/Development/git/Js-Summer-Cucumber-2022/step-definitions/Facebook/loginSD.js:37:55)
                    at processTicksAndRejections (node:internal/process/task_queues:96:5)
                    at async wrapPromiseWithTimeout (/Users/honey/Documents/Development/git/Js-Summer-Cucumber-2022/node_modules/@cucumber/cucumber/lib/time.js:67:12)
                    at async Object.run (/Users/honey/Documents/Development/git/Js-Summer-Cucumber-2022/node_modules/@cucumber/cucumber/lib/user_code_runner.js:64:22)
                    at async Object.run (/Users/honey/Documents/Development/git/Js-Summer-Cucumber-2022/node_modules/@cucumber/cucumber/lib/runtime/step_runner.js:52:26)
                    at async TestCaseRunner.invokeStep (/Users/honey/Documents/Development/git/Js-Summer-Cucumber-2022/node_modules/@cucumber/cucumber/lib/runtime/test_case_runner.js:93:16)
                    at async TestCaseRunner.runStep (/Users/honey/Documents/Development/git/Js-Summer-Cucumber-2022/node_modules/@cucumber/cucumber/lib/runtime/test_case_runner.js:237:26)
                    at async /Users/honey/Documents/Development/git/Js-Summer-Cucumber-2022/node_modules/@cucumber/cucumber/lib/runtime/test_case_runner.js:163:48</stack-trace>
            </failure>
        </test-case>
        <test-case start='1661544644815' status='passed' stop='1661544644816'>
            <name></name>
            <title></title>
            <labels>
                <label name='language' value='javascript'/>
                <label name='framework' value='wdio'/>
                <label name='thread' value='0-0'/>
            </labels>
            <parameters>
                <parameter kind='argument' name='browser' value='chrome-104.0.5112.101'/>
            </parameters>
            <steps/>
            <attachments/>
        </test-case>
    </test-cases>
</ns2:test-suite>