<?xml version='1.0'?>
<ns2:test-suite xmlns:ns2='urn:model.allure.qatools.yandex.ru' start='1661542798296' stop='1661542799812'>
    <name>Login: Verify ligin gets error on empty login form</name>
    <title>Login: Verify ligin gets error on empty login form</title>
    <test-cases>
        <test-case start='1661542798297' status='passed' stop='1661542798298'>
            <name></name>
            <title></title>
            <labels>
                <label name='language' value='javascript'/>
                <label name='framework' value='wdio'/>
                <label name='thread' value='0-0'/>
            </labels>
            <parameters>
                <parameter kind='argument' name='browser' value='chrome-104.0.5112.101'/>
            </parameters>
            <steps/>
            <attachments/>
        </test-case>
        <test-case start='1661542798298' status='passed' stop='1661542799115'>
            <name>Given I am on facebook landing page</name>
            <title>Given I am on facebook landing page</title>
            <labels>
                <label name='language' value='javascript'/>
                <label name='framework' value='wdio'/>
                <label name='thread' value='0-0'/>
            </labels>
            <parameters>
                <parameter kind='argument' name='browser' value='chrome-104.0.5112.101'/>
            </parameters>
            <steps>
                <step start='1661542798300' status='passed' stop='1661542799114'>
                    <name>POST /session/:sessionId/url</name>
                    <title>POST /session/:sessionId/url</title>
                    <attachments>
                        <attachment title='Request' source='408651d8-5568-41a3-ba4d-6532d89bc5ab-attachment.json' type='application/json' size='40'/>
                    </attachments>
                    <steps/>
                </step>
            </steps>
            <attachments/>
        </test-case>
        <test-case start='1661542799115' status='passed' stop='1661542799767'>
            <name>When I click login button</name>
            <title>When I click login button</title>
            <labels>
                <label name='language' value='javascript'/>
                <label name='framework' value='wdio'/>
                <label name='thread' value='0-0'/>
            </labels>
            <parameters>
                <parameter kind='argument' name='browser' value='chrome-104.0.5112.101'/>
            </parameters>
            <steps>
                <step start='1661542799116' status='passed' stop='1661542799134'>
                    <name>POST /session/:sessionId/element</name>
                    <title>POST /session/:sessionId/element</title>
                    <attachments>
                        <attachment title='Request' source='4492399b-93bc-408f-9f20-1bfbbaed3cee-attachment.json' type='application/json' size='46'/>
                        <attachment title='Response' source='3dd44531-f325-4714-93ad-bc66ec197462-attachment.json' type='application/json' size='83'/>
                    </attachments>
                    <steps/>
                </step>
                <step start='1661542799141' status='passed' stop='1661542799767'>
                    <name>POST /session/:sessionId/element/98bed44d-e5f2-4e72-8c2b-a9d8f0b3a221/click</name>
                    <title>POST /session/:sessionId/element/98bed44d-e5f2-4e72-8c2b-a9d8f0b3a221/click</title>
                    <attachments/>
                    <steps/>
                </step>
            </steps>
            <attachments/>
        </test-case>
        <test-case start='1661542799767' status='failed' stop='1661542799810'>
            <name>When I verify error is displayed</name>
            <title>When I verify error is displayed</title>
            <labels>
                <label name='language' value='javascript'/>
                <label name='framework' value='wdio'/>
                <label name='thread' value='0-0'/>
            </labels>
            <parameters>
                <parameter kind='argument' name='browser' value='chrome-104.0.5112.101'/>
            </parameters>
            <steps>
                <step start='1661542799768' status='passed' stop='1661542799790'>
                    <name>POST /session/:sessionId/element</name>
                    <title>POST /session/:sessionId/element</title>
                    <attachments>
                        <attachment title='Request' source='1db5463a-cb47-4d0e-b791-c6cbb0ea3295-attachment.json' type='application/json' size='99'/>
                        <attachment title='Response' source='76f7d92c-8265-4cb0-8a4c-41d5952e106b-attachment.json' type='application/json' size='1982'/>
                    </attachments>
                    <steps/>
                </step>
                <step start='1661542799793' status='passed' stop='1661542799805'>
                    <name>POST /session/:sessionId/element</name>
                    <title>POST /session/:sessionId/element</title>
                    <attachments>
                        <attachment title='Request' source='621d8eee-44e4-4037-97cc-bd715e1f9d07-attachment.json' type='application/json' size='99'/>
                        <attachment title='Response' source='645a9c73-a638-4abb-b5c0-227de7e96535-attachment.json' type='application/json' size='1982'/>
                    </attachments>
                    <steps/>
                </step>
            </steps>
            <attachments/>
            <failure>
                <message>AssertionError: Login error is NOT displayed: expected undefined to be true</message>
                <stack-trace>AssertionError: Login error is NOT displayed: expected undefined to be true
                    at World.&lt;anonymous> (/Users/honey/Documents/Development/git/Js-Summer-Cucumber-2022/step-definitions/Facebook/loginSD.js:37:88)
                    at processTicksAndRejections (node:internal/process/task_queues:96:5)</stack-trace>
            </failure>
        </test-case>
        <test-case start='1661542799810' status='passed' stop='1661542799811'>
            <name></name>
            <title></title>
            <labels>
                <label name='language' value='javascript'/>
                <label name='framework' value='wdio'/>
                <label name='thread' value='0-0'/>
            </labels>
            <parameters>
                <parameter kind='argument' name='browser' value='chrome-104.0.5112.101'/>
            </parameters>
            <steps/>
            <attachments/>
        </test-case>
    </test-cases>
</ns2:test-suite>